=== OCR BATCH START (B3-LITE PROGRESO) ===
=== TANDA: AnalesdelaConvención (5 PDFs) ===
=== OCR REPORT (tanda: AnalesdelaConvención) ===
Procesados en tanda: 5
PDFs totales:  2425
TXT generados: 5
Faltantes:     2420
Completado:    0.21%
Tiempo:        0.11 h
Velocidad:     44.99 PDF/h
ETA:           53.79 h (~2.24 días)
===============================

=== TANDA: AnalesdelaConvenciónórganodelaAsambleaConstituyentedelEstado (12 PDFs) ===
=== OCR REPORT (tanda: AnalesdelaConvenciónórganodelaAsambleaConstituyentedelEstado) ===
Procesados en tanda: 12
PDFs totales:  2425
TXT generados: 17
Faltantes:     2408
Completado:    0.70%
Tiempo:        0.90 h
Velocidad:     18.84 PDF/h
ETA:           127.84 h (~5.33 días)
===============================

=== TANDA: AnalesdelaInstrucciónPúblicaenlosEstadosUnidosdeColombia (53 PDFs) ===
=== OCR REPORT (tanda: AnalesdelaInstrucciónPúblicaenlosEstadosUnidosdeColombia) ===
Procesados en tanda: 53
PDFs totales:  2425
TXT generados: 70
Faltantes:     2355
Completado:    2.89%
Tiempo:        18.65 h
Velocidad:     3.75 PDF/h
ETA:           627.34 h (~26.14 días)
===============================

=== TANDA: BoletínIndustrialperiódicocomercialynoticioso (179 PDFs) ===
=== OCR REPORT (tanda: BoletínIndustrialperiódicocomercialynoticioso) ===
Procesados en tanda: 179
PDFs totales:  2425
TXT generados: 249
Faltantes:     2176
Completado:    10.27%
Tiempo:        22.43 h
Velocidad:     11.10 PDF/h
ETA:           196.04 h (~8.17 días)
===============================

=== TANDA: BoletínMasónicoórganodelaGranLojiadeColombia (18 PDFs) ===
=== OCR REPORT (tanda: BoletínMasónicoórganodelaGranLojiadeColombia) ===
Procesados en tanda: 18
PDFs totales:  2425
TXT generados: 267
Faltantes:     2158
Completado:    11.01%
Tiempo:        23.02 h
Velocidad:     11.60 PDF/h
ETA:           186.05 h (~7.75 días)
===============================

=== TANDA: CrónicaElectoraldelEstadoórganooficialdelaJuntaEscrutadora (12 PDFs) ===
=== OCR REPORT (tanda: CrónicaElectoraldelEstadoórganooficialdelaJuntaEscrutadora) ===
Procesados en tanda: 12
PDFs totales:  2425
TXT generados: 279
Faltantes:     2146
Completado:    11.51%
Tiempo:        23.75 h
Velocidad:     11.75 PDF/h
ETA:           182.67 h (~7.61 días)
===============================

=== TANDA: ElAgricultorórganodelaSociedaddeagricultoresdeColombia (74 PDFs) ===
=== OCR BATCH START (B3-LITE PROGRESO) ===
=== TANDA: AnalesdelaConvención (5 PDFs) ===
=== OCR REPORT (tanda: AnalesdelaConvención) ===
Procesados en tanda: 0
PDFs totales:  2425
TXT generados: 338
Faltantes:     2087
Completado:    13.94%
Tiempo:        0.00 h
Velocidad:     968516.06 PDF/h
ETA:           0.00 h (~0.00 días)
===============================

=== TANDA: AnalesdelaConvenciónórganodelaAsambleaConstituyentedelEstado (12 PDFs) ===
=== OCR REPORT (tanda: AnalesdelaConvenciónórganodelaAsambleaConstituyentedelEstado) ===
Procesados en tanda: 0
PDFs totales:  2425
TXT generados: 338
Faltantes:     2087
Completado:    13.94%
Tiempo:        0.00 h
Velocidad:     781854.90 PDF/h
ETA:           0.00 h (~0.00 días)
===============================

=== TANDA: AnalesdelaInstrucciónPúblicaenlosEstadosUnidosdeColombia (53 PDFs) ===
=== OCR REPORT (tanda: AnalesdelaInstrucciónPúblicaenlosEstadosUnidosdeColombia) ===
Procesados en tanda: 0
PDFs totales:  2425
TXT generados: 338
Faltantes:     2087
Completado:    13.94%
Tiempo:        0.00 h
Velocidad:     656484.18 PDF/h
ETA:           0.00 h (~0.00 días)
===============================

=== TANDA: BoletínIndustrialperiódicocomercialynoticioso (179 PDFs) ===
=== OCR REPORT (tanda: BoletínIndustrialperiódicocomercialynoticioso) ===
Procesados en tanda: 0
PDFs totales:  2425
TXT generados: 338
Faltantes:     2087
Completado:    13.94%
Tiempo:        0.00 h
Velocidad:     562410.30 PDF/h
ETA:           0.00 h (~0.00 días)
===============================

=== TANDA: BoletínMasónicoórganodelaGranLojiadeColombia (18 PDFs) ===
=== OCR REPORT (tanda: BoletínMasónicoórganodelaGranLojiadeColombia) ===
Procesados en tanda: 0
PDFs totales:  2425
TXT generados: 338
Faltantes:     2087
Completado:    13.94%
Tiempo:        0.00 h
Velocidad:     495033.59 PDF/h
ETA:           0.00 h (~0.00 días)
===============================

=== TANDA: CrónicaElectoraldelEstadoórganooficialdelaJuntaEscrutadora (12 PDFs) ===
=== OCR REPORT (tanda: CrónicaElectoraldelEstadoórganooficialdelaJuntaEscrutadora) ===
Procesados en tanda: 0
PDFs totales:  2425
TXT generados: 338
Faltantes:     2087
Completado:    13.94%
Tiempo:        0.00 h
Velocidad:     442578.30 PDF/h
ETA:           0.00 h (~0.00 días)
===============================

=== TANDA: ElAgricultorórganodelaSociedaddeagricultoresdeColombia (74 PDFs) ===
=== OCR BATCH START (B3-LITE PROGRESO) ===
=== TANDA: AnalesdelaConvención (5 PDFs) ===
=== OCR REPORT (tanda: AnalesdelaConvención) ===
Procesados en tanda: 0
PDFs totales:  2425
TXT generados: 338
Faltantes:     2087
Completado:    13.94%
Tiempo:        0.00 h
Velocidad:     954171.09 PDF/h
ETA:           0.00 h (~0.00 días)
===============================

=== TANDA: AnalesdelaConvenciónórganodelaAsambleaConstituyentedelEstado (12 PDFs) ===
=== OCR REPORT (tanda: AnalesdelaConvenciónórganodelaAsambleaConstituyentedelEstado) ===
Procesados en tanda: 0
PDFs totales:  2425
TXT generados: 338
Faltantes:     2087
Completado:    13.94%
Tiempo:        0.00 h
Velocidad:     685744.04 PDF/h
ETA:           0.00 h (~0.00 días)
===============================

=== TANDA: AnalesdelaInstrucciónPúblicaenlosEstadosUnidosdeColombia (53 PDFs) ===
=== OCR REPORT (tanda: AnalesdelaInstrucciónPúblicaenlosEstadosUnidosdeColombia) ===
Procesados en tanda: 0
PDFs totales:  2425
TXT generados: 338
Faltantes:     2087
Completado:    13.94%
Tiempo:        0.00 h
Velocidad:     534008.83 PDF/h
ETA:           0.00 h (~0.00 días)
===============================

=== TANDA: BoletínIndustrialperiódicocomercialynoticioso (179 PDFs) ===
=== OCR REPORT (tanda: BoletínIndustrialperiódicocomercialynoticioso) ===
Procesados en tanda: 0
PDFs totales:  2425
TXT generados: 338
Faltantes:     2087
Completado:    13.94%
Tiempo:        0.00 h
Velocidad:     434504.08 PDF/h
ETA:           0.00 h (~0.00 días)
===============================

=== TANDA: BoletínMasónicoórganodelaGranLojiadeColombia (18 PDFs) ===
=== OCR REPORT (tanda: BoletínMasónicoórganodelaGranLojiadeColombia) ===
Procesados en tanda: 0
PDFs totales:  2425
TXT generados: 338
Faltantes:     2087
Completado:    13.94%
Tiempo:        0.00 h
Velocidad:     368790.19 PDF/h
ETA:           0.01 h (~0.00 días)
===============================

=== TANDA: CrónicaElectoraldelEstadoórganooficialdelaJuntaEscrutadora (12 PDFs) ===
=== OCR REPORT (tanda: CrónicaElectoraldelEstadoórganooficialdelaJuntaEscrutadora) ===
Procesados en tanda: 0
PDFs totales:  2425
TXT generados: 338
Faltantes:     2087
Completado:    13.94%
Tiempo:        0.00 h
Velocidad:     320976.73 PDF/h
ETA:           0.01 h (~0.00 días)
===============================

=== TANDA: ElAgricultorórganodelaSociedaddeagricultoresdeColombia (74 PDFs) ===
=== OCR BATCH START (B3-LITE PROGRESO) ===
=== TANDA: AnalesdelaConvención (5 PDFs) ===
=== OCR REPORT (tanda: AnalesdelaConvención) ===
Procesados en tanda: 0
PDFs totales:  2425
TXT generados: 338
Faltantes:     2087
Completado:    13.94%
Tiempo:        0.00 h
Velocidad:     2299689.10 PDF/h
ETA:           0.00 h (~0.00 días)
===============================

=== TANDA: AnalesdelaConvenciónórganodelaAsambleaConstituyentedelEstado (12 PDFs) ===
=== OCR REPORT (tanda: AnalesdelaConvenciónórganodelaAsambleaConstituyentedelEstado) ===
Procesados en tanda: 0
PDFs totales:  2425
TXT generados: 338
Faltantes:     2087
Completado:    13.94%
Tiempo:        0.00 h
Velocidad:     1147080.45 PDF/h
ETA:           0.00 h (~0.00 días)
===============================

=== TANDA: AnalesdelaInstrucciónPúblicaenlosEstadosUnidosdeColombia (53 PDFs) ===
=== OCR REPORT (tanda: AnalesdelaInstrucciónPúblicaenlosEstadosUnidosdeColombia) ===
Procesados en tanda: 0
PDFs totales:  2425
TXT generados: 338
Faltantes:     2087
Completado:    13.94%
Tiempo:        0.00 h
Velocidad:     768496.20 PDF/h
ETA:           0.00 h (~0.00 días)
===============================

=== TANDA: BoletínIndustrialperiódicocomercialynoticioso (179 PDFs) ===
=== OCR REPORT (tanda: BoletínIndustrialperiódicocomercialynoticioso) ===
Procesados en tanda: 0
PDFs totales:  2425
TXT generados: 338
Faltantes:     2087
Completado:    13.94%
Tiempo:        0.00 h
Velocidad:     571589.36 PDF/h
ETA:           0.00 h (~0.00 días)
===============================

=== TANDA: BoletínMasónicoórganodelaGranLojiadeColombia (18 PDFs) ===
=== OCR REPORT (tanda: BoletínMasónicoórganodelaGranLojiadeColombia) ===
Procesados en tanda: 0
PDFs totales:  2425
TXT generados: 338
Faltantes:     2087
Completado:    13.94%
Tiempo:        0.00 h
Velocidad:     459362.40 PDF/h
ETA:           0.00 h (~0.00 días)
===============================

=== TANDA: CrónicaElectoraldelEstadoórganooficialdelaJuntaEscrutadora (12 PDFs) ===
=== OCR REPORT (tanda: CrónicaElectoraldelEstadoórganooficialdelaJuntaEscrutadora) ===
Procesados en tanda: 0
PDFs totales:  2425
TXT generados: 338
Faltantes:     2087
Completado:    13.94%
Tiempo:        0.00 h
Velocidad:     384485.35 PDF/h
ETA:           0.01 h (~0.00 días)
===============================

=== TANDA: ElAgricultorórganodelaSociedaddeagricultoresdeColombia (74 PDFs) ===
=== OCR BATCH START (B3-LITE PROGRESO) ===
=== TANDA: AnalesdelaConvención (5 PDFs) ===
=== OCR REPORT (tanda: AnalesdelaConvención) ===
Procesados en tanda: 0
PDFs totales:  2425
TXT generados: 338
Faltantes:     2087
Completado:    13.94%
Tiempo:        0.00 h
Velocidad:     2273665.80 PDF/h
ETA:           0.00 h (~0.00 días)
===============================

=== TANDA: AnalesdelaConvenciónórganodelaAsambleaConstituyentedelEstado (12 PDFs) ===
=== OCR REPORT (tanda: AnalesdelaConvenciónórganodelaAsambleaConstituyentedelEstado) ===
Procesados en tanda: 0
PDFs totales:  2425
TXT generados: 338
Faltantes:     2087
Completado:    13.94%
Tiempo:        0.00 h
Velocidad:     1136299.97 PDF/h
ETA:           0.00 h (~0.00 días)
===============================

=== TANDA: AnalesdelaInstrucciónPúblicaenlosEstadosUnidosdeColombia (53 PDFs) ===
=== OCR REPORT (tanda: AnalesdelaInstrucciónPúblicaenlosEstadosUnidosdeColombia) ===
Procesados en tanda: 0
PDFs totales:  2425
TXT generados: 338
Faltantes:     2087
Completado:    13.94%
Tiempo:        0.00 h
Velocidad:     750246.94 PDF/h
ETA:           0.00 h (~0.00 días)
===============================

=== TANDA: BoletínIndustrialperiódicocomercialynoticioso (179 PDFs) ===
=== OCR REPORT (tanda: BoletínIndustrialperiódicocomercialynoticioso) ===
Procesados en tanda: 0
PDFs totales:  2425
TXT generados: 338
Faltantes:     2087
Completado:    13.94%
Tiempo:        0.00 h
Velocidad:     553134.41 PDF/h
ETA:           0.00 h (~0.00 días)
===============================

=== TANDA: BoletínMasónicoórganodelaGranLojiadeColombia (18 PDFs) ===
=== OCR REPORT (tanda: BoletínMasónicoórganodelaGranLojiadeColombia) ===
Procesados en tanda: 0
PDFs totales:  2425
TXT generados: 338
Faltantes:     2087
Completado:    13.94%
Tiempo:        0.00 h
Velocidad:     445810.31 PDF/h
ETA:           0.00 h (~0.00 días)
===============================

=== TANDA: CrónicaElectoraldelEstadoórganooficialdelaJuntaEscrutadora (12 PDFs) ===
=== OCR REPORT (tanda: CrónicaElectoraldelEstadoórganooficialdelaJuntaEscrutadora) ===
Procesados en tanda: 0
PDFs totales:  2425
TXT generados: 338
Faltantes:     2087
Completado:    13.94%
Tiempo:        0.00 h
Velocidad:     373734.52 PDF/h
ETA:           0.01 h (~0.00 días)
===============================

=== TANDA: ElAgricultorórganodelaSociedaddeagricultoresdeColombia (74 PDFs) ===
=== OCR BATCH START (B3-LITE PROGRESO) ===
=== TANDA: AnalesdelaConvención (5 PDFs) ===
=== OCR REPORT (tanda: AnalesdelaConvención) ===
Procesados en tanda: 0
PDFs totales:  2425
TXT generados: 339
Faltantes:     2086
Completado:    13.98%
Tiempo:        0.00 h
Velocidad:     1044671.61 PDF/h
ETA:           0.00 h (~0.00 días)
===============================

=== TANDA: AnalesdelaConvenciónórganodelaAsambleaConstituyentedelEstado (12 PDFs) ===
=== OCR REPORT (tanda: AnalesdelaConvenciónórganodelaAsambleaConstituyentedelEstado) ===
Procesados en tanda: 0
PDFs totales:  2425
TXT generados: 339
Faltantes:     2086
Completado:    13.98%
Tiempo:        0.00 h
Velocidad:     840949.93 PDF/h
ETA:           0.00 h (~0.00 días)
===============================

=== TANDA: AnalesdelaInstrucciónPúblicaenlosEstadosUnidosdeColombia (53 PDFs) ===
=== OCR REPORT (tanda: AnalesdelaInstrucciónPúblicaenlosEstadosUnidosdeColombia) ===
Procesados en tanda: 0
PDFs totales:  2425
TXT generados: 339
Faltantes:     2086
Completado:    13.98%
Tiempo:        0.00 h
Velocidad:     703393.28 PDF/h
ETA:           0.00 h (~0.00 días)
===============================

=== TANDA: BoletínIndustrialperiódicocomercialynoticioso (179 PDFs) ===
=== OCR REPORT (tanda: BoletínIndustrialperiódicocomercialynoticioso) ===
Procesados en tanda: 0
PDFs totales:  2425
TXT generados: 339
Faltantes:     2086
Completado:    13.98%
Tiempo:        0.00 h
Velocidad:     600383.43 PDF/h
ETA:           0.00 h (~0.00 días)
===============================

=== TANDA: BoletínMasónicoórganodelaGranLojiadeColombia (18 PDFs) ===
=== OCR REPORT (tanda: BoletínMasónicoórganodelaGranLojiadeColombia) ===
Procesados en tanda: 0
PDFs totales:  2425
TXT generados: 339
Faltantes:     2086
Completado:    13.98%
Tiempo:        0.00 h
Velocidad:     527088.43 PDF/h
ETA:           0.00 h (~0.00 días)
===============================

=== TANDA: CrónicaElectoraldelEstadoórganooficialdelaJuntaEscrutadora (12 PDFs) ===
=== OCR REPORT (tanda: CrónicaElectoraldelEstadoórganooficialdelaJuntaEscrutadora) ===
Procesados en tanda: 0
PDFs totales:  2425
TXT generados: 339
Faltantes:     2086
Completado:    13.98%
Tiempo:        0.00 h
Velocidad:     469890.29 PDF/h
ETA:           0.00 h (~0.00 días)
===============================

=== TANDA: ElAgricultorórganodelaSociedaddeagricultoresdeColombia (74 PDFs) ===
=== OCR REPORT (tanda: ElAgricultorórganodelaSociedaddeagricultoresdeColombia) ===
Procesados en tanda: 14
PDFs totales:  2425
TXT generados: 353
Faltantes:     2072
Completado:    14.56%
Tiempo:        17.42 h
Velocidad:     20.26 PDF/h
ETA:           102.26 h (~4.26 días)
===============================

=== TANDA: ElBienSocial (2 PDFs) ===
=== OCR REPORT (tanda: ElBienSocial) ===
Procesados en tanda: 2
PDFs totales:  2425
TXT generados: 355
Faltantes:     2070
Completado:    14.64%
Tiempo:        17.51 h
Velocidad:     20.28 PDF/h
ETA:           102.09 h (~4.25 días)
===============================

=== TANDA: ElCachacoperiódicoagridulceyjocoserio (37 PDFs) ===
=== OCR REPORT (tanda: ElCachacoperiódicoagridulceyjocoserio) ===
Procesados en tanda: 37
PDFs totales:  2425
TXT generados: 392
Faltantes:     2033
Completado:    16.16%
Tiempo:        19.00 h
Velocidad:     20.63 PDF/h
ETA:           98.56 h (~4.11 días)
===============================

=== TANDA: ElCaucaperiódicoliterariodedicadoalajuventud (48 PDFs) ===
=== OCR REPORT (tanda: ElCaucaperiódicoliterariodedicadoalajuventud) ===
Procesados en tanda: 48
PDFs totales:  2425
TXT generados: 440
Faltantes:     1985
Completado:    18.14%
Tiempo:        20.36 h
Velocidad:     21.61 PDF/h
ETA:           91.85 h (~3.83 días)
===============================

=== TANDA: ElChinodeBogotá (24 PDFs) ===
=== OCR REPORT (tanda: ElChinodeBogotá) ===
Procesados en tanda: 24
PDFs totales:  2425
TXT generados: 464
Faltantes:     1961
Completado:    19.13%
Tiempo:        21.19 h
Velocidad:     21.89 PDF/h
ETA:           89.57 h (~3.73 días)
===============================

=== TANDA: ElComercioórganodelcomerciodeColombia (3 PDFs) ===
=== OCR REPORT (tanda: ElComercioórganodelcomerciodeColombia) ===
Procesados en tanda: 3
PDFs totales:  2425
TXT generados: 467
Faltantes:     1958
Completado:    19.26%
Tiempo:        21.48 h
Velocidad:     21.74 PDF/h
ETA:           90.06 h (~3.75 días)
===============================

=== TANDA: ElCorreodeAntioquiadiarionoticiosoindustrialpolíticocomercial (49 PDFs) ===
=== OCR REPORT (tanda: ElCorreodeAntioquiadiarionoticiosoindustrialpolíticocomercial) ===
Procesados en tanda: 49
PDFs totales:  2425
TXT generados: 516
Faltantes:     1909
Completado:    21.28%
Tiempo:        21.66 h
Velocidad:     23.83 PDF/h
ETA:           80.12 h (~3.34 días)
===============================

=== TANDA: ElCrisolRepublicanoperiódicopolíticoliterarioeindustrial (5 PDFs) ===
=== OCR REPORT (tanda: ElCrisolRepublicanoperiódicopolíticoliterarioeindustrial) ===
Procesados en tanda: 5
PDFs totales:  2425
TXT generados: 521
Faltantes:     1904
Completado:    21.48%
Tiempo:        22.08 h
Velocidad:     23.60 PDF/h
ETA:           80.68 h (~3.36 días)
===============================

=== TANDA: ElDebate (29 PDFs) ===
=== OCR REPORT (tanda: ElDebate) ===
Procesados en tanda: 29
PDFs totales:  2425
TXT generados: 550
Faltantes:     1875
Completado:    22.68%
Tiempo:        24.50 h
Velocidad:     22.45 PDF/h
ETA:           83.53 h (~3.48 días)
===============================

=== TANDA: ElDeberperiódicoliterarioindustrialynoticioso (312 PDFs) ===
=== OCR REPORT (tanda: ElDeberperiódicoliterarioindustrialynoticioso) ===
Procesados en tanda: 312
PDFs totales:  2425
TXT generados: 862
Faltantes:     1563
Completado:    35.55%
Tiempo:        50.66 h
Velocidad:     17.02 PDF/h
ETA:           91.85 h (~3.83 días)
===============================

=== TANDA: ElDerecho (5 PDFs) ===
=== OCR REPORT (tanda: ElDerecho) ===
Procesados en tanda: 5
PDFs totales:  2425
TXT generados: 867
Faltantes:     1558
Completado:    35.75%
Tiempo:        51.27 h
Velocidad:     16.91 PDF/h
ETA:           92.13 h (~3.84 días)
===============================

=== TANDA: ElEcoPopularperiódicopolíticoliterarioynoticioso (7 PDFs) ===
=== OCR REPORT (tanda: ElEcoPopularperiódicopolíticoliterarioynoticioso) ===
Procesados en tanda: 7
PDFs totales:  2425
TXT generados: 874
Faltantes:     1551
Completado:    36.04%
Tiempo:        51.83 h
Velocidad:     16.86 PDF/h
ETA:           91.98 h (~3.83 días)
===============================

=== TANDA: ElEcoperiódicoreligiosoyliterario (6 PDFs) ===
=== OCR REPORT (tanda: ElEcoperiódicoreligiosoyliterario) ===
Procesados en tanda: 6
PDFs totales:  2425
TXT generados: 880
Faltantes:     1545
Completado:    36.29%
Tiempo:        52.71 h
Velocidad:     16.69 PDF/h
ETA:           92.54 h (~3.86 días)
===============================

=== TANDA: ElEstandarte (27 PDFs) ===
=== OCR REPORT (tanda: ElEstandarte) ===
Procesados en tanda: 27
PDFs totales:  2425
TXT generados: 907
Faltantes:     1518
Completado:    37.40%
Tiempo:        53.59 h
Velocidad:     16.93 PDF/h
ETA:           89.69 h (~3.74 días)
===============================

=== TANDA: ElGladiadorsemanariopolíticoliterariocientíficoynoticioso (2 PDFs) ===
=== OCR REPORT (tanda: ElGladiadorsemanariopolíticoliterariocientíficoynoticioso) ===
Procesados en tanda: 2
PDFs totales:  2425
TXT generados: 909
Faltantes:     1516
Completado:    37.48%
Tiempo:        53.72 h
Velocidad:     16.92 PDF/h
ETA:           89.60 h (~3.73 días)
===============================

=== TANDA: ElImparcial (2 PDFs) ===
=== OCR REPORT (tanda: ElImparcial) ===
Procesados en tanda: 2
PDFs totales:  2425
TXT generados: 911
Faltantes:     1514
Completado:    37.57%
Tiempo:        53.95 h
Velocidad:     16.89 PDF/h
ETA:           89.65 h (~3.74 días)
===============================

=== TANDA: ElIngenieroórganodelaEscueladeIngenieríaCivilydelEjército (19 PDFs) ===
=== OCR REPORT (tanda: ElIngenieroórganodelaEscueladeIngenieríaCivilydelEjército) ===
Procesados en tanda: 19
PDFs totales:  2425
TXT generados: 930
Faltantes:     1495
Completado:    38.35%
Tiempo:        56.34 h
Velocidad:     16.51 PDF/h
ETA:           90.57 h (~3.77 días)
===============================

=== TANDA: ElLiberalórganodelajuventuddelaUniversidadidelRosario (13 PDFs) ===
=== OCR REPORT (tanda: ElLiberalórganodelajuventuddelaUniversidadidelRosario) ===
Procesados en tanda: 13
PDFs totales:  2425
TXT generados: 943
Faltantes:     1482
Completado:    38.89%
Tiempo:        57.17 h
Velocidad:     16.49 PDF/h
ETA:           89.85 h (~3.74 días)
===============================

=== TANDA: ElMochuelo (2 PDFs) ===
=== OCR REPORT (tanda: ElMochuelo) ===
Procesados en tanda: 2
PDFs totales:  2425
TXT generados: 945
Faltantes:     1480
Completado:    38.97%
Tiempo:        57.29 h
Velocidad:     16.50 PDF/h
ETA:           89.72 h (~3.74 días)
===============================

=== TANDA: ElMonitorperiódicooficialdeladiócesis (30 PDFs) ===
=== OCR REPORT (tanda: ElMonitorperiódicooficialdeladiócesis) ===
Procesados en tanda: 30
PDFs totales:  2425
TXT generados: 975
Faltantes:     1450
Completado:    40.21%
Tiempo:        74.52 h
Velocidad:     13.08 PDF/h
ETA:           110.83 h (~4.62 días)
===============================

=== TANDA: ElMosaicoperiódicodelajuventuddestinadoexclusivamentealaliteratura (50 PDFs) ===
=== OCR REPORT (tanda: ElMosaicoperiódicodelajuventuddestinadoexclusivamentealaliteratura) ===
Procesados en tanda: 50
PDFs totales:  2425
TXT generados: 1025
Faltantes:     1400
Completado:    42.27%
Tiempo:        76.95 h
Velocidad:     13.32 PDF/h
ETA:           105.10 h (~4.38 días)
===============================

=== TANDA: ElMuseoSocialperiódicodecrítica-cuadrosdecostumbres (2 PDFs) ===
=== OCR REPORT (tanda: ElMuseoSocialperiódicodecrítica-cuadrosdecostumbres) ===
Procesados en tanda: 2
PDFs totales:  2425
TXT generados: 1027
Faltantes:     1398
Completado:    42.35%
Tiempo:        77.01 h
Velocidad:     13.34 PDF/h
ETA:           104.83 h (~4.37 días)
===============================

=== TANDA: ElPalodeCiego (16 PDFs) ===
=== OCR REPORT (tanda: ElPalodeCiego) ===
Procesados en tanda: 16
PDFs totales:  2425
TXT generados: 1043
Faltantes:     1382
Completado:    43.01%
Tiempo:        77.20 h
Velocidad:     13.51 PDF/h
ETA:           102.30 h (~4.26 días)
===============================

=== TANDA: ElPestalozzianoperiódicocientífico (30 PDFs) ===
=== OCR REPORT (tanda: ElPestalozzianoperiódicocientífico) ===
Procesados en tanda: 30
PDFs totales:  2425
TXT generados: 1073
Faltantes:     1352
Completado:    44.25%
Tiempo:        78.08 h
Velocidad:     13.74 PDF/h
ETA:           98.39 h (~4.10 días)
===============================

=== TANDA: ElPromotorórganodelosinteresescomercialesdeBarranquilla (3 PDFs) ===
=== OCR REPORT (tanda: ElPromotorórganodelosinteresescomercialesdeBarranquilla) ===
Procesados en tanda: 3
PDFs totales:  2425
TXT generados: 1076
Faltantes:     1349
Completado:    44.37%
Tiempo:        78.23 h
Velocidad:     13.75 PDF/h
ETA:           98.08 h (~4.09 días)
===============================

=== TANDA: ElRelatorperiódicopolíticoliterarioinoticioso (264 PDFs) ===
=== OCR REPORT (tanda: ElRelatorperiódicopolíticoliterarioinoticioso) ===
Procesados en tanda: 264
PDFs totales:  2425
TXT generados: 1340
Faltantes:     1085
Completado:    55.26%
Tiempo:        108.29 h
Velocidad:     12.37 PDF/h
ETA:           87.68 h (~3.65 días)
===============================

=== TANDA: ElRepublicanoperiódicopolíticoliterarioynoticioso (8 PDFs) ===
=== OCR REPORT (tanda: ElRepublicanoperiódicopolíticoliterarioynoticioso) ===
Procesados en tanda: 8
PDFs totales:  2425
TXT generados: 1348
Faltantes:     1077
Completado:    55.59%
Tiempo:        108.71 h
Velocidad:     12.40 PDF/h
ETA:           86.85 h (~3.62 días)
===============================

=== TANDA: ElVijilanteperiódicopolíticocientíficoliterarionoticiosoicomercial (2 PDFs) ===
=== OCR REPORT (tanda: ElVijilanteperiódicopolíticocientíficoliterarionoticiosoicomercial) ===
Procesados en tanda: 2
PDFs totales:  2425
TXT generados: 1350
Faltantes:     1075
Completado:    55.67%
Tiempo:        108.74 h
Velocidad:     12.42 PDF/h
ETA:           86.59 h (~3.61 días)
===============================

=== TANDA: EloasisPeriódicoliterario (24 PDFs) ===
=== OCR REPORT (tanda: EloasisPeriódicoliterario) ===
Procesados en tanda: 24
PDFs totales:  2425
TXT generados: 1374
Faltantes:     1051
Completado:    56.66%
Tiempo:        109.43 h
Velocidad:     12.56 PDF/h
ETA:           83.71 h (~3.49 días)
===============================

=== TANDA: LaAbejaperiódicodeartesindustriahistoriamoralinstrucciónvariedadescomercioyanuncios (22 PDFs) ===
=== OCR REPORT (tanda: LaAbejaperiódicodeartesindustriahistoriamoralinstrucciónvariedadescomercioyanuncios) ===
Procesados en tanda: 22
PDFs totales:  2425
TXT generados: 1396
Faltantes:     1029
Completado:    57.57%
Tiempo:        110.57 h
Velocidad:     12.62 PDF/h
ETA:           81.51 h (~3.40 días)
===============================

=== TANDA: LaAmérica (86 PDFs) ===
=== OCR REPORT (tanda: LaAmérica) ===
Procesados en tanda: 86
PDFs totales:  2425
TXT generados: 1482
Faltantes:     943
Completado:    61.11%
Tiempo:        122.85 h
Velocidad:     12.06 PDF/h
ETA:           78.17 h (~3.26 días)
===============================

=== TANDA: LaAméricaparteliteraria (34 PDFs) ===
=== OCR REPORT (tanda: LaAméricaparteliteraria) ===
Procesados en tanda: 34
PDFs totales:  2425
TXT generados: 1516
Faltantes:     909
Completado:    62.52%
Tiempo:        124.69 h
Velocidad:     12.16 PDF/h
ETA:           74.77 h (~3.12 días)
===============================

=== TANDA: LaAméricapartereligiosa (12 PDFs) ===
=== OCR REPORT (tanda: LaAméricapartereligiosa) ===
Procesados en tanda: 12
PDFs totales:  2425
TXT generados: 1528
Faltantes:     897
Completado:    63.01%
Tiempo:        125.45 h
Velocidad:     12.18 PDF/h
ETA:           73.64 h (~3.07 días)
===============================

=== TANDA: LaAuroraensayosliterarios (5 PDFs) ===
=== OCR REPORT (tanda: LaAuroraensayosliterarios) ===
Procesados en tanda: 5
PDFs totales:  2425
TXT generados: 1533
Faltantes:     892
Completado:    63.22%
Tiempo:        125.53 h
Velocidad:     12.21 PDF/h
ETA:           73.04 h (~3.04 días)
===============================

=== TANDA: LaBanderaFederal (4 PDFs) ===
=== OCR REPORT (tanda: LaBanderaFederal) ===
Procesados en tanda: 4
PDFs totales:  2425
TXT generados: 1537
Faltantes:     888
Completado:    63.38%
Tiempo:        125.89 h
Velocidad:     12.21 PDF/h
ETA:           72.73 h (~3.03 días)
===============================

=== TANDA: LaBatalla (26 PDFs) ===
=== OCR REPORT (tanda: LaBatalla) ===
Procesados en tanda: 26
PDFs totales:  2425
TXT generados: 1563
Faltantes:     862
Completado:    64.45%
Tiempo:        126.68 h
Velocidad:     12.34 PDF/h
ETA:           69.86 h (~2.91 días)
===============================

=== TANDA: LaCamarilla (3 PDFs) ===
=== OCR REPORT (tanda: LaCamarilla) ===
Procesados en tanda: 3
PDFs totales:  2425
TXT generados: 1566
Faltantes:     859
Completado:    64.58%
Tiempo:        127.03 h
Velocidad:     12.33 PDF/h
ETA:           69.68 h (~2.90 días)
===============================

=== TANDA: LaCrónicaperiódicoilustradopolíticoliterariocientíficoynoticioso (2 PDFs) ===
=== OCR REPORT (tanda: LaCrónicaperiódicoilustradopolíticoliterariocientíficoynoticioso) ===
Procesados en tanda: 2
PDFs totales:  2425
TXT generados: 1568
Faltantes:     857
Completado:    64.66%
Tiempo:        127.11 h
Velocidad:     12.34 PDF/h
ETA:           69.48 h (~2.89 días)
===============================

=== TANDA: LaFamilialecturasparaelhogar (10 PDFs) ===
=== OCR REPORT (tanda: LaFamilialecturasparaelhogar) ===
Procesados en tanda: 10
PDFs totales:  2425
TXT generados: 1578
Faltantes:     847
Completado:    65.07%
Tiempo:        129.54 h
Velocidad:     12.18 PDF/h
ETA:           69.53 h (~2.90 días)
===============================

=== TANDA: LaFronterapazuniónliberalyprogreso (10 PDFs) ===
=== OCR REPORT (tanda: LaFronterapazuniónliberalyprogreso) ===
Procesados en tanda: 10
PDFs totales:  2425
TXT generados: 1588
Faltantes:     837
Completado:    65.48%
Tiempo:        129.74 h
Velocidad:     12.24 PDF/h
ETA:           68.38 h (~2.85 días)
===============================

=== TANDA: LaIlustraciónpolíticaliteraturanoticiasfilosofíarelijiónartesioficiosinstrucciónpúblicabibliografíamedicinavariedadesrevistadelaciudadrevistadelosestadosdeEuropaimercantil (319 PDFs) ===
=== OCR REPORT (tanda: LaIlustraciónpolíticaliteraturanoticiasfilosofíarelijiónartesioficiosinstrucciónpúblicabibliografíamedicinavariedadesrevistadelaciudadrevistadelosestadosdeEuropaimercantil) ===
Procesados en tanda: 319
PDFs totales:  2425
TXT generados: 1907
Faltantes:     518
Completado:    78.64%
Tiempo:        151.45 h
Velocidad:     12.59 PDF/h
ETA:           41.14 h (~1.71 días)
===============================

=== TANDA: LaMujer (59 PDFs) ===
=== OCR REPORT (tanda: LaMujer) ===
Procesados en tanda: 59
PDFs totales:  2425
TXT generados: 1966
Faltantes:     459
Completado:    81.07%
Tiempo:        154.48 h
Velocidad:     12.73 PDF/h
ETA:           36.07 h (~1.50 días)
===============================

=== TANDA: LaNaciónperiódicopolíticoliterarioynoticiosoórganodelosprincipiosdelaregeneración (131 PDFs) ===
=== OCR REPORT (tanda: LaNaciónperiódicopolíticoliterarioynoticiosoórganodelosprincipiosdelaregeneración) ===
Procesados en tanda: 131
PDFs totales:  2425
TXT generados: 2097
Faltantes:     328
Completado:    86.47%
Tiempo:        164.39 h
Velocidad:     12.76 PDF/h
ETA:           25.71 h (~1.07 días)
===============================

=== TANDA: LaNuevaAlianza (2 PDFs) ===
=== OCR REPORT (tanda: LaNuevaAlianza) ===
Procesados en tanda: 2
PDFs totales:  2425
TXT generados: 2099
Faltantes:     326
Completado:    86.56%
Tiempo:        164.57 h
Velocidad:     12.75 PDF/h
ETA:           25.56 h (~1.07 días)
===============================

=== TANDA: LaNuevaEra (11 PDFs) ===
=== OCR REPORT (tanda: LaNuevaEra) ===
Procesados en tanda: 11
PDFs totales:  2425
TXT generados: 2110
Faltantes:     315
Completado:    87.01%
Tiempo:        165.45 h
Velocidad:     12.75 PDF/h
ETA:           24.70 h (~1.03 días)
===============================

=== TANDA: LaPalestra (5 PDFs) ===
=== OCR REPORT (tanda: LaPalestra) ===
Procesados en tanda: 5
PDFs totales:  2425
TXT generados: 2115
Faltantes:     310
Completado:    87.22%
Tiempo:        165.61 h
Velocidad:     12.77 PDF/h
ETA:           24.27 h (~1.01 días)
===============================

=== TANDA: LaPolítica (15 PDFs) ===
=== OCR REPORT (tanda: LaPolítica) ===
Procesados en tanda: 15
PDFs totales:  2425
TXT generados: 2130
Faltantes:     295
Completado:    87.84%
Tiempo:        166.25 h
Velocidad:     12.81 PDF/h
ETA:           23.03 h (~0.96 días)
===============================

=== TANDA: LaPrensaLibrecomerciocienciaspolíticaindustriasliteratura (9 PDFs) ===
=== OCR REPORT (tanda: LaPrensaLibrecomerciocienciaspolíticaindustriasliteratura) ===
Procesados en tanda: 9
PDFs totales:  2425
TXT generados: 2139
Faltantes:     286
Completado:    88.21%
Tiempo:        166.58 h
Velocidad:     12.84 PDF/h
ETA:           22.27 h (~0.93 días)
===============================

=== TANDA: LaReforma (10 PDFs) ===
=== OCR REPORT (tanda: LaReforma) ===
Procesados en tanda: 10
PDFs totales:  2425
TXT generados: 2149
Faltantes:     276
Completado:    88.62%
Tiempo:        167.23 h
Velocidad:     12.85 PDF/h
ETA:           21.48 h (~0.89 días)
===============================

=== TANDA: LaRenovaciónperiódicopolíticoliterarioeindustrial (3 PDFs) ===
=== OCR REPORT (tanda: LaRenovaciónperiódicopolíticoliterarioeindustrial) ===
Procesados en tanda: 3
PDFs totales:  2425
TXT generados: 2152
Faltantes:     273
Completado:    88.74%
Tiempo:        167.47 h
Velocidad:     12.85 PDF/h
ETA:           21.25 h (~0.89 días)
===============================

=== TANDA: LaSemanaReligiosadePopayánperiódicodeladiócesis (48 PDFs) ===
=== OCR REPORT (tanda: LaSemanaReligiosadePopayánperiódicodeladiócesis) ===
Procesados en tanda: 48
PDFs totales:  2425
TXT generados: 2200
Faltantes:     225
Completado:    90.72%
Tiempo:        170.08 h
Velocidad:     12.94 PDF/h
ETA:           17.39 h (~0.72 días)
===============================

=== TANDA: LaSiesta (14 PDFs) ===
=== OCR REPORT (tanda: LaSiesta) ===
Procesados en tanda: 14
PDFs totales:  2425
TXT generados: 2214
Faltantes:     211
Completado:    91.30%
Tiempo:        170.37 h
Velocidad:     12.99 PDF/h
ETA:           16.24 h (~0.68 días)
===============================

=== TANDA: LaSituación (3 PDFs) ===
=== OCR REPORT (tanda: LaSituación) ===
Procesados en tanda: 3
PDFs totales:  2425
TXT generados: 2217
Faltantes:     208
Completado:    91.42%
Tiempo:        170.58 h
Velocidad:     13.00 PDF/h
ETA:           16.00 h (~0.67 días)
===============================

=== TANDA: LaTardeperiódicodedicadoalaliteratura (44 PDFs) ===
=== OCR REPORT (tanda: LaTardeperiódicodedicadoalaliteratura) ===
Procesados en tanda: 44
PDFs totales:  2425
TXT generados: 2261
Faltantes:     164
Completado:    93.24%
Tiempo:        188.83 h
Velocidad:     11.97 PDF/h
ETA:           13.70 h (~0.57 días)
===============================

=== TANDA: LaTribunaFederal (10 PDFs) ===
=== OCR REPORT (tanda: LaTribunaFederal) ===
Procesados en tanda: 10
PDFs totales:  2425
TXT generados: 2271
Faltantes:     154
Completado:    93.65%
Tiempo:        189.69 h
Velocidad:     11.97 PDF/h
ETA:           12.86 h (~0.54 días)
===============================

=== TANDA: LaUniónórganodelaComisiónCentraldelaUniónLiberal (23 PDFs) ===
=== OCR REPORT (tanda: LaUniónórganodelaComisiónCentraldelaUniónLiberal) ===
Procesados en tanda: 23
PDFs totales:  2425
TXT generados: 2294
Faltantes:     131
Completado:    94.60%
Tiempo:        190.73 h
Velocidad:     12.03 PDF/h
ETA:           10.89 h (~0.45 días)
===============================

=== TANDA: LaVozNacionalperiódicopolíticoliterarioynoticioso (4 PDFs) ===
=== OCR REPORT (tanda: LaVozNacionalperiódicopolíticoliterarioynoticioso) ===
Procesados en tanda: 4
PDFs totales:  2425
TXT generados: 2298
Faltantes:     127
Completado:    94.76%
Tiempo:        191.00 h
Velocidad:     12.03 PDF/h
ETA:           10.56 h (~0.44 días)
===============================

=== TANDA: LosTartufossemi-periódicocríticosatíricomecherico-pulloso (12 PDFs) ===
=== OCR REPORT (tanda: LosTartufossemi-periódicocríticosatíricomecherico-pulloso) ===
Procesados en tanda: 12
PDFs totales:  2425
TXT generados: 2310
Faltantes:     115
Completado:    95.26%
Tiempo:        191.33 h
Velocidad:     12.07 PDF/h
ETA:           9.52 h (~0.40 días)
===============================

=== TANDA: PapelPeriódicoIlustrado (104 PDFs) ===
=== OCR REPORT (tanda: PapelPeriódicoIlustrado) ===
Procesados en tanda: 104
PDFs totales:  2425
TXT generados: 2414
Faltantes:     11
Completado:    99.55%
Tiempo:        198.58 h
Velocidad:     12.16 PDF/h
ETA:           0.90 h (~0.04 días)
===============================

=== TANDA: RegistrodelEstadodiariooficialdelGobiernodeCundinamarca (4 PDFs) ===
=== OCR REPORT (tanda: RegistrodelEstadodiariooficialdelGobiernodeCundinamarca) ===
Procesados en tanda: 4
PDFs totales:  2425
TXT generados: 2418
Faltantes:     7
Completado:    99.71%
Tiempo:        198.87 h
Velocidad:     12.16 PDF/h
ETA:           0.58 h (~0.02 días)
===============================

=== TANDA: RevistadeAntioquiaperiódicoliterarionoticiosoydevariedades (6 PDFs) ===
=== OCR REPORT (tanda: RevistadeAntioquiaperiódicoliterarionoticiosoydevariedades) ===
Procesados en tanda: 6
PDFs totales:  2425
TXT generados: 2424
Faltantes:     1
Completado:    99.96%
Tiempo:        199.03 h
Velocidad:     12.18 PDF/h
ETA:           0.08 h (~0.00 días)
===============================

=== TANDA: RevistadeTequendamaperiódicomunicipalyórganodelosinteresesdelDepartamento (1 PDFs) ===
=== OCR REPORT (tanda: RevistadeTequendamaperiódicomunicipalyórganodelosinteresesdelDepartamento) ===
Procesados en tanda: 1
PDFs totales:  2425
TXT generados: 2425
Faltantes:     0
Completado:    100.00%
Tiempo:        199.04 h
Velocidad:     12.18 PDF/h
ETA:           0.00 h (~-1.00 días)
===============================

=== OCR BATCH COMPLETE ===
